<?xml version="1.0" encoding="UTF-8"?>
<testsuites>
  <testsuite name="shop.spec.ts" tests="7" failures="4" time="38.297">
    <testcase name="login" classname="shop.spec.ts" time="0.781"/>
    <testcase name="payment" classname="shop.spec.ts" time="0.336"/>
    <testcase name="receipt" classname="shop.spec.ts" time="0.507">
      <failure message="AssertionError: expected receipt total to equal amount charged">AssertionError: expected receipt total to equal amount charged
    at ReceiptPage.verifyTotal (/home/runner/work/flakehound-demo/flakehound-demo/tests/pages/receipt-page.ts:23:13)
    at /home/runner/work/flakehound-demo/flakehound-demo/tests/shop.spec.ts:56:3</failure>
    </testcase>
    <testcase name="receipt" classname="shop.spec.ts" time="0.606">
      <failure message="AssertionError: expected receipt total to equal amount charged">AssertionError: expected receipt total to equal amount charged
    at ReceiptPage.verifyTotal (/home/runner/work/flakehound-demo/flakehound-demo/tests/pages/receipt-page.ts:23:13)
    at /home/runner/work/flakehound-demo/flakehound-demo/tests/shop.spec.ts:56:3</failure>
    </testcase>
    <testcase name="receipt" classname="shop.spec.ts" time="0.595">
      <failure message="AssertionError: expected receipt total to equal amount charged">AssertionError: expected receipt total to equal amount charged
    at ReceiptPage.verifyTotal (/home/runner/work/flakehound-demo/flakehound-demo/tests/pages/receipt-page.ts:23:13)
    at /home/runner/work/flakehound-demo/flakehound-demo/tests/shop.spec.ts:56:3</failure>
    </testcase>
    <testcase name="checkout" classname="shop.spec.ts" time="20.679">
      <failure message="TimeoutError: Timeout 20000ms exceeded waiting for locator('#pay-button')">TimeoutError: Timeout 20000ms exceeded waiting for locator('#pay-button')
    at CheckoutPage.pay (/home/runner/work/flakehound-demo/flakehound-demo/tests/pages/checkout-page.ts:24:13)
    at /home/runner/work/flakehound-demo/flakehound-demo/tests/shop.spec.ts:38:3</failure>
    </testcase>
    <testcase name="checkout" classname="shop.spec.ts" time="14.793"/>
  </testsuite>
</testsuites>
