<?xml version="1.0" encoding="UTF-8"?>
<testsuites>
  <testsuite name="inventory.spec.ts" tests="4" failures="3" time="1.328">
    <testcase name="restock" classname="inventory.spec.ts" time="0.347">
      <failure message="EnvironmentError: shop unavailable during maintenance window">EnvironmentError: shop unavailable during maintenance window
    at InventoryPage.expectRestockSchedule (/home/runner/work/flakehound-demo/flakehound-demo/tests/pages/inventory-page.ts:36:13)
    at /home/runner/work/flakehound-demo/flakehound-demo/tests/inventory.spec.ts:28:3</failure>
    </testcase>
    <testcase name="catalog" classname="inventory.spec.ts" time="0.429"/>
    <testcase name="restock" classname="inventory.spec.ts" time="0.289">
      <failure message="EnvironmentError: shop unavailable during maintenance window">EnvironmentError: shop unavailable during maintenance window
    at InventoryPage.expectRestockSchedule (/home/runner/work/flakehound-demo/flakehound-demo/tests/pages/inventory-page.ts:36:13)
    at /home/runner/work/flakehound-demo/flakehound-demo/tests/inventory.spec.ts:28:3</failure>
    </testcase>
    <testcase name="restock" classname="inventory.spec.ts" time="0.263">
      <failure message="EnvironmentError: shop unavailable during maintenance window">EnvironmentError: shop unavailable during maintenance window
    at InventoryPage.expectRestockSchedule (/home/runner/work/flakehound-demo/flakehound-demo/tests/pages/inventory-page.ts:36:13)
    at /home/runner/work/flakehound-demo/flakehound-demo/tests/inventory.spec.ts:28:3</failure>
    </testcase>
  </testsuite>
  <testsuite name="shipping.spec.ts" tests="9" failures="9" time="3.930">
    <testcase name="inventory delivery estimate" classname="shipping.spec.ts" time="0.209">
      <failure message="NetworkError: 503 Service Unavailable fetching /api/shipping-estimate">NetworkError: 503 Service Unavailable fetching /api/shipping-estimate
    at ShippingSection.expectEstimate (/home/runner/work/flakehound-demo/flakehound-demo/tests/pages/shipping-section.ts:24:13)
    at /home/runner/work/flakehound-demo/flakehound-demo/tests/shipping.spec.ts:29:3</failure>
    </testcase>
    <testcase name="inventory delivery estimate" classname="shipping.spec.ts" time="0.333">
      <failure message="NetworkError: 503 Service Unavailable fetching /api/shipping-estimate">NetworkError: 503 Service Unavailable fetching /api/shipping-estimate
    at ShippingSection.expectEstimate (/home/runner/work/flakehound-demo/flakehound-demo/tests/pages/shipping-section.ts:24:13)
    at /home/runner/work/flakehound-demo/flakehound-demo/tests/shipping.spec.ts:29:3</failure>
    </testcase>
    <testcase name="inventory delivery estimate" classname="shipping.spec.ts" time="0.336">
      <failure message="NetworkError: 503 Service Unavailable fetching /api/shipping-estimate">NetworkError: 503 Service Unavailable fetching /api/shipping-estimate
    at ShippingSection.expectEstimate (/home/runner/work/flakehound-demo/flakehound-demo/tests/pages/shipping-section.ts:24:13)
    at /home/runner/work/flakehound-demo/flakehound-demo/tests/shipping.spec.ts:29:3</failure>
    </testcase>
    <testcase name="checkout delivery estimate" classname="shipping.spec.ts" time="0.663">
      <failure message="NetworkError: 503 Service Unavailable fetching /api/shipping-estimate">NetworkError: 503 Service Unavailable fetching /api/shipping-estimate
    at ShippingSection.expectEstimate (/home/runner/work/flakehound-demo/flakehound-demo/tests/pages/shipping-section.ts:24:13)
    at /home/runner/work/flakehound-demo/flakehound-demo/tests/shipping.spec.ts:37:3</failure>
    </testcase>
    <testcase name="payment delivery estimate" classname="shipping.spec.ts" time="0.475">
      <failure message="NetworkError: 503 Service Unavailable fetching /api/shipping-estimate">NetworkError: 503 Service Unavailable fetching /api/shipping-estimate
    at ShippingSection.expectEstimate (/home/runner/work/flakehound-demo/flakehound-demo/tests/pages/shipping-section.ts:24:13)
    at /home/runner/work/flakehound-demo/flakehound-demo/tests/shipping.spec.ts:44:3</failure>
    </testcase>
    <testcase name="checkout delivery estimate" classname="shipping.spec.ts" time="0.444">
      <failure message="NetworkError: 503 Service Unavailable fetching /api/shipping-estimate">NetworkError: 503 Service Unavailable fetching /api/shipping-estimate
    at ShippingSection.expectEstimate (/home/runner/work/flakehound-demo/flakehound-demo/tests/pages/shipping-section.ts:24:13)
    at /home/runner/work/flakehound-demo/flakehound-demo/tests/shipping.spec.ts:37:3</failure>
    </testcase>
    <testcase name="payment delivery estimate" classname="shipping.spec.ts" time="0.427">
      <failure message="NetworkError: 503 Service Unavailable fetching /api/shipping-estimate">NetworkError: 503 Service Unavailable fetching /api/shipping-estimate
    at ShippingSection.expectEstimate (/home/runner/work/flakehound-demo/flakehound-demo/tests/pages/shipping-section.ts:24:13)
    at /home/runner/work/flakehound-demo/flakehound-demo/tests/shipping.spec.ts:44:3</failure>
    </testcase>
    <testcase name="checkout delivery estimate" classname="shipping.spec.ts" time="0.579">
      <failure message="NetworkError: 503 Service Unavailable fetching /api/shipping-estimate">NetworkError: 503 Service Unavailable fetching /api/shipping-estimate
    at ShippingSection.expectEstimate (/home/runner/work/flakehound-demo/flakehound-demo/tests/pages/shipping-section.ts:24:13)
    at /home/runner/work/flakehound-demo/flakehound-demo/tests/shipping.spec.ts:37:3</failure>
    </testcase>
    <testcase name="payment delivery estimate" classname="shipping.spec.ts" time="0.464">
      <failure message="NetworkError: 503 Service Unavailable fetching /api/shipping-estimate">NetworkError: 503 Service Unavailable fetching /api/shipping-estimate
    at ShippingSection.expectEstimate (/home/runner/work/flakehound-demo/flakehound-demo/tests/pages/shipping-section.ts:24:13)
    at /home/runner/work/flakehound-demo/flakehound-demo/tests/shipping.spec.ts:44:3</failure>
    </testcase>
  </testsuite>
  <testsuite name="shop.spec.ts" tests="8" failures="5" time="52.997">
    <testcase name="login" classname="shop.spec.ts" time="0.372"/>
    <testcase name="payment" classname="shop.spec.ts" time="0.360"/>
    <testcase name="receipt" classname="shop.spec.ts" time="0.498">
      <failure message="AssertionError: expected receipt total to equal amount charged">AssertionError: expected receipt total to equal amount charged
    at ReceiptPage.verifyTotal (/home/runner/work/flakehound-demo/flakehound-demo/tests/pages/receipt-page.ts:23:13)
    at /home/runner/work/flakehound-demo/flakehound-demo/tests/shop.spec.ts:58:3</failure>
    </testcase>
    <testcase name="receipt" classname="shop.spec.ts" time="0.340">
      <failure message="AssertionError: expected receipt total to equal amount charged">AssertionError: expected receipt total to equal amount charged
    at ReceiptPage.verifyTotal (/home/runner/work/flakehound-demo/flakehound-demo/tests/pages/receipt-page.ts:23:13)
    at /home/runner/work/flakehound-demo/flakehound-demo/tests/shop.spec.ts:58:3</failure>
    </testcase>
    <testcase name="receipt" classname="shop.spec.ts" time="0.533">
      <failure message="AssertionError: expected receipt total to equal amount charged">AssertionError: expected receipt total to equal amount charged
    at ReceiptPage.verifyTotal (/home/runner/work/flakehound-demo/flakehound-demo/tests/pages/receipt-page.ts:23:13)
    at /home/runner/work/flakehound-demo/flakehound-demo/tests/shop.spec.ts:58:3</failure>
    </testcase>
    <testcase name="checkout" classname="shop.spec.ts" time="20.370">
      <failure message="TimeoutError: Timeout 20000ms exceeded waiting for locator('#pay-button')">TimeoutError: Timeout 20000ms exceeded waiting for locator('#pay-button')
    at CheckoutPage.pay (/home/runner/work/flakehound-demo/flakehound-demo/tests/pages/checkout-page.ts:24:13)
    at /home/runner/work/flakehound-demo/flakehound-demo/tests/shop.spec.ts:39:3</failure>
    </testcase>
    <testcase name="checkout" classname="shop.spec.ts" time="20.295">
      <failure message="TimeoutError: Timeout 20000ms exceeded waiting for locator('#pay-button')">TimeoutError: Timeout 20000ms exceeded waiting for locator('#pay-button')
    at CheckoutPage.pay (/home/runner/work/flakehound-demo/flakehound-demo/tests/pages/checkout-page.ts:24:13)
    at /home/runner/work/flakehound-demo/flakehound-demo/tests/shop.spec.ts:39:3</failure>
    </testcase>
    <testcase name="checkout" classname="shop.spec.ts" time="10.229"/>
  </testsuite>
</testsuites>
