<?xml version="1.0" encoding="UTF-8"?>
<testsuites>
  <testsuite name="inventory.spec.ts" tests="3" failures="1" time="1.468">
    <testcase name="restock" classname="inventory.spec.ts" time="0.571"/>
    <testcase name="catalog" classname="inventory.spec.ts" time="0.579">
      <failure message="NetworkError: 502 Bad Gateway fetching /api/catalog">NetworkError: 502 Bad Gateway fetching /api/catalog
    at InventoryPage.expectCatalog (/home/runner/work/flakehound-demo/flakehound-demo/tests/pages/inventory-page.ts:23:13)
    at /home/runner/work/flakehound-demo/flakehound-demo/tests/inventory.spec.ts:20:3</failure>
    </testcase>
    <testcase name="catalog" classname="inventory.spec.ts" time="0.318"/>
  </testsuite>
  <testsuite name="shipping.spec.ts" tests="9" failures="9" time="6.812">
    <testcase name="inventory delivery estimate" classname="shipping.spec.ts" time="1.368">
      <failure message="NetworkError: 503 Service Unavailable fetching /api/shipping-estimate">NetworkError: 503 Service Unavailable fetching /api/shipping-estimate
    at ShippingSection.expectEstimate (/home/runner/work/flakehound-demo/flakehound-demo/tests/pages/shipping-section.ts:24:13)
    at /home/runner/work/flakehound-demo/flakehound-demo/tests/shipping.spec.ts:29:3</failure>
    </testcase>
    <testcase name="checkout delivery estimate" classname="shipping.spec.ts" time="0.577">
      <failure message="NetworkError: 503 Service Unavailable fetching /api/shipping-estimate">NetworkError: 503 Service Unavailable fetching /api/shipping-estimate
    at ShippingSection.expectEstimate (/home/runner/work/flakehound-demo/flakehound-demo/tests/pages/shipping-section.ts:24:13)
    at /home/runner/work/flakehound-demo/flakehound-demo/tests/shipping.spec.ts:37:3</failure>
    </testcase>
    <testcase name="inventory delivery estimate" classname="shipping.spec.ts" time="0.434">
      <failure message="NetworkError: 503 Service Unavailable fetching /api/shipping-estimate">NetworkError: 503 Service Unavailable fetching /api/shipping-estimate
    at ShippingSection.expectEstimate (/home/runner/work/flakehound-demo/flakehound-demo/tests/pages/shipping-section.ts:24:13)
    at /home/runner/work/flakehound-demo/flakehound-demo/tests/shipping.spec.ts:29:3</failure>
    </testcase>
    <testcase name="inventory delivery estimate" classname="shipping.spec.ts" time="0.274">
      <failure message="NetworkError: 503 Service Unavailable fetching /api/shipping-estimate">NetworkError: 503 Service Unavailable fetching /api/shipping-estimate
    at ShippingSection.expectEstimate (/home/runner/work/flakehound-demo/flakehound-demo/tests/pages/shipping-section.ts:24:13)
    at /home/runner/work/flakehound-demo/flakehound-demo/tests/shipping.spec.ts:29:3</failure>
    </testcase>
    <testcase name="checkout delivery estimate" classname="shipping.spec.ts" time="1.264">
      <failure message="NetworkError: 503 Service Unavailable fetching /api/shipping-estimate">NetworkError: 503 Service Unavailable fetching /api/shipping-estimate
    at ShippingSection.expectEstimate (/home/runner/work/flakehound-demo/flakehound-demo/tests/pages/shipping-section.ts:24:13)
    at /home/runner/work/flakehound-demo/flakehound-demo/tests/shipping.spec.ts:37:3</failure>
    </testcase>
    <testcase name="checkout delivery estimate" classname="shipping.spec.ts" time="0.616">
      <failure message="NetworkError: 503 Service Unavailable fetching /api/shipping-estimate">NetworkError: 503 Service Unavailable fetching /api/shipping-estimate
    at ShippingSection.expectEstimate (/home/runner/work/flakehound-demo/flakehound-demo/tests/pages/shipping-section.ts:24:13)
    at /home/runner/work/flakehound-demo/flakehound-demo/tests/shipping.spec.ts:37:3</failure>
    </testcase>
    <testcase name="payment delivery estimate" classname="shipping.spec.ts" time="0.955">
      <failure message="NetworkError: 503 Service Unavailable fetching /api/shipping-estimate">NetworkError: 503 Service Unavailable fetching /api/shipping-estimate
    at ShippingSection.expectEstimate (/home/runner/work/flakehound-demo/flakehound-demo/tests/pages/shipping-section.ts:24:13)
    at /home/runner/work/flakehound-demo/flakehound-demo/tests/shipping.spec.ts:44:3</failure>
    </testcase>
    <testcase name="payment delivery estimate" classname="shipping.spec.ts" time="0.820">
      <failure message="NetworkError: 503 Service Unavailable fetching /api/shipping-estimate">NetworkError: 503 Service Unavailable fetching /api/shipping-estimate
    at ShippingSection.expectEstimate (/home/runner/work/flakehound-demo/flakehound-demo/tests/pages/shipping-section.ts:24:13)
    at /home/runner/work/flakehound-demo/flakehound-demo/tests/shipping.spec.ts:44:3</failure>
    </testcase>
    <testcase name="payment delivery estimate" classname="shipping.spec.ts" time="0.504">
      <failure message="NetworkError: 503 Service Unavailable fetching /api/shipping-estimate">NetworkError: 503 Service Unavailable fetching /api/shipping-estimate
    at ShippingSection.expectEstimate (/home/runner/work/flakehound-demo/flakehound-demo/tests/pages/shipping-section.ts:24:13)
    at /home/runner/work/flakehound-demo/flakehound-demo/tests/shipping.spec.ts:44:3</failure>
    </testcase>
  </testsuite>
  <testsuite name="shop.spec.ts" tests="6" failures="3" time="6.658">
    <testcase name="login" classname="shop.spec.ts" time="0.563"/>
    <testcase name="payment" classname="shop.spec.ts" time="0.372"/>
    <testcase name="receipt" classname="shop.spec.ts" time="0.386">
      <failure message="AssertionError: expected receipt total to equal amount charged">AssertionError: expected receipt total to equal amount charged
    at ReceiptPage.verifyTotal (/home/runner/work/flakehound-demo/flakehound-demo/tests/pages/receipt-page.ts:23:13)
    at /home/runner/work/flakehound-demo/flakehound-demo/tests/shop.spec.ts:58:3</failure>
    </testcase>
    <testcase name="checkout" classname="shop.spec.ts" time="3.901"/>
    <testcase name="receipt" classname="shop.spec.ts" time="0.664">
      <failure message="AssertionError: expected receipt total to equal amount charged">AssertionError: expected receipt total to equal amount charged
    at ReceiptPage.verifyTotal (/home/runner/work/flakehound-demo/flakehound-demo/tests/pages/receipt-page.ts:23:13)
    at /home/runner/work/flakehound-demo/flakehound-demo/tests/shop.spec.ts:58:3</failure>
    </testcase>
    <testcase name="receipt" classname="shop.spec.ts" time="0.772">
      <failure message="AssertionError: expected receipt total to equal amount charged">AssertionError: expected receipt total to equal amount charged
    at ReceiptPage.verifyTotal (/home/runner/work/flakehound-demo/flakehound-demo/tests/pages/receipt-page.ts:23:13)
    at /home/runner/work/flakehound-demo/flakehound-demo/tests/shop.spec.ts:58:3</failure>
    </testcase>
  </testsuite>
</testsuites>
