<?xml version="1.0" encoding="UTF-8"?>
<testsuites>
  <testsuite name="inventory.spec.ts" tests="4" failures="3" time="1.717">
    <testcase name="catalog" classname="inventory.spec.ts" time="0.497"/>
    <testcase name="restock" classname="inventory.spec.ts" time="0.493">
      <failure message="EnvironmentError: shop unavailable during maintenance window">EnvironmentError: shop unavailable during maintenance window
    at InventoryPage.expectRestockSchedule (/home/runner/work/flakehound-demo/flakehound-demo/tests/pages/inventory-page.ts:36:13)
    at /home/runner/work/flakehound-demo/flakehound-demo/tests/inventory.spec.ts:28:3</failure>
    </testcase>
    <testcase name="restock" classname="inventory.spec.ts" time="0.327">
      <failure message="EnvironmentError: shop unavailable during maintenance window">EnvironmentError: shop unavailable during maintenance window
    at InventoryPage.expectRestockSchedule (/home/runner/work/flakehound-demo/flakehound-demo/tests/pages/inventory-page.ts:36:13)
    at /home/runner/work/flakehound-demo/flakehound-demo/tests/inventory.spec.ts:28:3</failure>
    </testcase>
    <testcase name="restock" classname="inventory.spec.ts" time="0.400">
      <failure message="EnvironmentError: shop unavailable during maintenance window">EnvironmentError: shop unavailable during maintenance window
    at InventoryPage.expectRestockSchedule (/home/runner/work/flakehound-demo/flakehound-demo/tests/pages/inventory-page.ts:36:13)
    at /home/runner/work/flakehound-demo/flakehound-demo/tests/inventory.spec.ts:28:3</failure>
    </testcase>
  </testsuite>
  <testsuite name="shipping.spec.ts" tests="9" failures="9" time="5.149">
    <testcase name="inventory delivery estimate" classname="shipping.spec.ts" time="0.385">
      <failure message="NetworkError: 503 Service Unavailable fetching /api/shipping-estimate">NetworkError: 503 Service Unavailable fetching /api/shipping-estimate
    at ShippingSection.expectEstimate (/home/runner/work/flakehound-demo/flakehound-demo/tests/pages/shipping-section.ts:24:13)
    at /home/runner/work/flakehound-demo/flakehound-demo/tests/shipping.spec.ts:29:3</failure>
    </testcase>
    <testcase name="inventory delivery estimate" classname="shipping.spec.ts" time="0.371">
      <failure message="NetworkError: 503 Service Unavailable fetching /api/shipping-estimate">NetworkError: 503 Service Unavailable fetching /api/shipping-estimate
    at ShippingSection.expectEstimate (/home/runner/work/flakehound-demo/flakehound-demo/tests/pages/shipping-section.ts:24:13)
    at /home/runner/work/flakehound-demo/flakehound-demo/tests/shipping.spec.ts:29:3</failure>
    </testcase>
    <testcase name="inventory delivery estimate" classname="shipping.spec.ts" time="0.367">
      <failure message="NetworkError: 503 Service Unavailable fetching /api/shipping-estimate">NetworkError: 503 Service Unavailable fetching /api/shipping-estimate
    at ShippingSection.expectEstimate (/home/runner/work/flakehound-demo/flakehound-demo/tests/pages/shipping-section.ts:24:13)
    at /home/runner/work/flakehound-demo/flakehound-demo/tests/shipping.spec.ts:29:3</failure>
    </testcase>
    <testcase name="checkout delivery estimate" classname="shipping.spec.ts" time="0.801">
      <failure message="NetworkError: 503 Service Unavailable fetching /api/shipping-estimate">NetworkError: 503 Service Unavailable fetching /api/shipping-estimate
    at ShippingSection.expectEstimate (/home/runner/work/flakehound-demo/flakehound-demo/tests/pages/shipping-section.ts:24:13)
    at /home/runner/work/flakehound-demo/flakehound-demo/tests/shipping.spec.ts:37:3</failure>
    </testcase>
    <testcase name="payment delivery estimate" classname="shipping.spec.ts" time="0.663">
      <failure message="NetworkError: 503 Service Unavailable fetching /api/shipping-estimate">NetworkError: 503 Service Unavailable fetching /api/shipping-estimate
    at ShippingSection.expectEstimate (/home/runner/work/flakehound-demo/flakehound-demo/tests/pages/shipping-section.ts:24:13)
    at /home/runner/work/flakehound-demo/flakehound-demo/tests/shipping.spec.ts:44:3</failure>
    </testcase>
    <testcase name="checkout delivery estimate" classname="shipping.spec.ts" time="0.732">
      <failure message="NetworkError: 503 Service Unavailable fetching /api/shipping-estimate">NetworkError: 503 Service Unavailable fetching /api/shipping-estimate
    at ShippingSection.expectEstimate (/home/runner/work/flakehound-demo/flakehound-demo/tests/pages/shipping-section.ts:24:13)
    at /home/runner/work/flakehound-demo/flakehound-demo/tests/shipping.spec.ts:37:3</failure>
    </testcase>
    <testcase name="payment delivery estimate" classname="shipping.spec.ts" time="0.661">
      <failure message="NetworkError: 503 Service Unavailable fetching /api/shipping-estimate">NetworkError: 503 Service Unavailable fetching /api/shipping-estimate
    at ShippingSection.expectEstimate (/home/runner/work/flakehound-demo/flakehound-demo/tests/pages/shipping-section.ts:24:13)
    at /home/runner/work/flakehound-demo/flakehound-demo/tests/shipping.spec.ts:44:3</failure>
    </testcase>
    <testcase name="checkout delivery estimate" classname="shipping.spec.ts" time="0.556">
      <failure message="NetworkError: 503 Service Unavailable fetching /api/shipping-estimate">NetworkError: 503 Service Unavailable fetching /api/shipping-estimate
    at ShippingSection.expectEstimate (/home/runner/work/flakehound-demo/flakehound-demo/tests/pages/shipping-section.ts:24:13)
    at /home/runner/work/flakehound-demo/flakehound-demo/tests/shipping.spec.ts:37:3</failure>
    </testcase>
    <testcase name="payment delivery estimate" classname="shipping.spec.ts" time="0.613">
      <failure message="NetworkError: 503 Service Unavailable fetching /api/shipping-estimate">NetworkError: 503 Service Unavailable fetching /api/shipping-estimate
    at ShippingSection.expectEstimate (/home/runner/work/flakehound-demo/flakehound-demo/tests/pages/shipping-section.ts:24:13)
    at /home/runner/work/flakehound-demo/flakehound-demo/tests/shipping.spec.ts:44:3</failure>
    </testcase>
  </testsuite>
  <testsuite name="shop.spec.ts" tests="6" failures="3" time="7.166">
    <testcase name="login" classname="shop.spec.ts" time="0.452"/>
    <testcase name="payment" classname="shop.spec.ts" time="0.381"/>
    <testcase name="receipt" classname="shop.spec.ts" time="0.553">
      <failure message="AssertionError: expected receipt total to equal amount charged">AssertionError: expected receipt total to equal amount charged
    at ReceiptPage.verifyTotal (/home/runner/work/flakehound-demo/flakehound-demo/tests/pages/receipt-page.ts:23:13)
    at /home/runner/work/flakehound-demo/flakehound-demo/tests/shop.spec.ts:58:3</failure>
    </testcase>
    <testcase name="receipt" classname="shop.spec.ts" time="0.469">
      <failure message="AssertionError: expected receipt total to equal amount charged">AssertionError: expected receipt total to equal amount charged
    at ReceiptPage.verifyTotal (/home/runner/work/flakehound-demo/flakehound-demo/tests/pages/receipt-page.ts:23:13)
    at /home/runner/work/flakehound-demo/flakehound-demo/tests/shop.spec.ts:58:3</failure>
    </testcase>
    <testcase name="receipt" classname="shop.spec.ts" time="0.491">
      <failure message="AssertionError: expected receipt total to equal amount charged">AssertionError: expected receipt total to equal amount charged
    at ReceiptPage.verifyTotal (/home/runner/work/flakehound-demo/flakehound-demo/tests/pages/receipt-page.ts:23:13)
    at /home/runner/work/flakehound-demo/flakehound-demo/tests/shop.spec.ts:58:3</failure>
    </testcase>
    <testcase name="checkout" classname="shop.spec.ts" time="4.820"/>
  </testsuite>
</testsuites>
