<?xml version="1.0" encoding="UTF-8"?>
<testsuites>
  <testsuite name="shop.spec.ts" tests="6" failures="3" time="3.745">
    <testcase name="login" classname="shop.spec.ts" time="0.520"/>
    <testcase name="payment" classname="shop.spec.ts" time="0.323"/>
    <testcase name="checkout" classname="shop.spec.ts" time="1.411"/>
    <testcase name="receipt" classname="shop.spec.ts" time="0.473">
      <failure message="AssertionError: expected receipt total to equal amount charged">AssertionError: expected receipt total to equal amount charged
    at ReceiptPage.verifyTotal (/home/runner/work/flakehound-demo/flakehound-demo/tests/pages/receipt-page.ts:23:13)
    at /home/runner/work/flakehound-demo/flakehound-demo/tests/shop.spec.ts:56:3</failure>
    </testcase>
    <testcase name="receipt" classname="shop.spec.ts" time="0.475">
      <failure message="AssertionError: expected receipt total to equal amount charged">AssertionError: expected receipt total to equal amount charged
    at ReceiptPage.verifyTotal (/home/runner/work/flakehound-demo/flakehound-demo/tests/pages/receipt-page.ts:23:13)
    at /home/runner/work/flakehound-demo/flakehound-demo/tests/shop.spec.ts:56:3</failure>
    </testcase>
    <testcase name="receipt" classname="shop.spec.ts" time="0.543">
      <failure message="AssertionError: expected receipt total to equal amount charged">AssertionError: expected receipt total to equal amount charged
    at ReceiptPage.verifyTotal (/home/runner/work/flakehound-demo/flakehound-demo/tests/pages/receipt-page.ts:23:13)
    at /home/runner/work/flakehound-demo/flakehound-demo/tests/shop.spec.ts:56:3</failure>
    </testcase>
  </testsuite>
</testsuites>
