<?xml version="1.0" encoding="UTF-8"?>
<testsuites>
  <testsuite name="shop.spec.ts" tests="6" failures="3" time="21.842">
    <testcase name="login" classname="shop.spec.ts" time="0.691"/>
    <testcase name="payment" classname="shop.spec.ts" time="0.342"/>
    <testcase name="receipt" classname="shop.spec.ts" time="0.398">
      <failure message="AssertionError: expected receipt total to equal amount charged">AssertionError: expected receipt total to equal amount charged
    at ReceiptPage.verifyTotal (/home/runner/work/flakehound-demo/flakehound-demo/tests/pages/receipt-page.ts:23:13)
    at /home/runner/work/flakehound-demo/flakehound-demo/tests/shop.spec.ts:56:3</failure>
    </testcase>
    <testcase name="receipt" classname="shop.spec.ts" time="0.606">
      <failure message="AssertionError: expected receipt total to equal amount charged">AssertionError: expected receipt total to equal amount charged
    at ReceiptPage.verifyTotal (/home/runner/work/flakehound-demo/flakehound-demo/tests/pages/receipt-page.ts:23:13)
    at /home/runner/work/flakehound-demo/flakehound-demo/tests/shop.spec.ts:56:3</failure>
    </testcase>
    <testcase name="receipt" classname="shop.spec.ts" time="0.684">
      <failure message="AssertionError: expected receipt total to equal amount charged">AssertionError: expected receipt total to equal amount charged
    at ReceiptPage.verifyTotal (/home/runner/work/flakehound-demo/flakehound-demo/tests/pages/receipt-page.ts:23:13)
    at /home/runner/work/flakehound-demo/flakehound-demo/tests/shop.spec.ts:56:3</failure>
    </testcase>
    <testcase name="checkout" classname="shop.spec.ts" time="19.121"/>
  </testsuite>
</testsuites>
