<?xml version="1.0" encoding="UTF-8"?>
<testsuites>
  <testsuite name="inventory.spec.ts" tests="2" failures="0" time="0.948">
    <testcase name="catalog" classname="inventory.spec.ts" time="0.469"/>
    <testcase name="restock" classname="inventory.spec.ts" time="0.479"/>
  </testsuite>
  <testsuite name="shipping.spec.ts" tests="9" failures="9" time="4.471">
    <testcase name="inventory delivery estimate" classname="shipping.spec.ts" time="0.345">
      <failure message="NetworkError: 503 Service Unavailable fetching /api/shipping-estimate">NetworkError: 503 Service Unavailable fetching /api/shipping-estimate
    at ShippingSection.expectEstimate (/home/runner/work/flakehound-demo/flakehound-demo/tests/pages/shipping-section.ts:24:13)
    at /home/runner/work/flakehound-demo/flakehound-demo/tests/shipping.spec.ts:29:3</failure>
    </testcase>
    <testcase name="checkout delivery estimate" classname="shipping.spec.ts" time="0.521">
      <failure message="NetworkError: 503 Service Unavailable fetching /api/shipping-estimate">NetworkError: 503 Service Unavailable fetching /api/shipping-estimate
    at ShippingSection.expectEstimate (/home/runner/work/flakehound-demo/flakehound-demo/tests/pages/shipping-section.ts:24:13)
    at /home/runner/work/flakehound-demo/flakehound-demo/tests/shipping.spec.ts:37:3</failure>
    </testcase>
    <testcase name="inventory delivery estimate" classname="shipping.spec.ts" time="0.446">
      <failure message="NetworkError: 503 Service Unavailable fetching /api/shipping-estimate">NetworkError: 503 Service Unavailable fetching /api/shipping-estimate
    at ShippingSection.expectEstimate (/home/runner/work/flakehound-demo/flakehound-demo/tests/pages/shipping-section.ts:24:13)
    at /home/runner/work/flakehound-demo/flakehound-demo/tests/shipping.spec.ts:29:3</failure>
    </testcase>
    <testcase name="checkout delivery estimate" classname="shipping.spec.ts" time="0.843">
      <failure message="NetworkError: 503 Service Unavailable fetching /api/shipping-estimate">NetworkError: 503 Service Unavailable fetching /api/shipping-estimate
    at ShippingSection.expectEstimate (/home/runner/work/flakehound-demo/flakehound-demo/tests/pages/shipping-section.ts:24:13)
    at /home/runner/work/flakehound-demo/flakehound-demo/tests/shipping.spec.ts:37:3</failure>
    </testcase>
    <testcase name="inventory delivery estimate" classname="shipping.spec.ts" time="0.305">
      <failure message="NetworkError: 503 Service Unavailable fetching /api/shipping-estimate">NetworkError: 503 Service Unavailable fetching /api/shipping-estimate
    at ShippingSection.expectEstimate (/home/runner/work/flakehound-demo/flakehound-demo/tests/pages/shipping-section.ts:24:13)
    at /home/runner/work/flakehound-demo/flakehound-demo/tests/shipping.spec.ts:29:3</failure>
    </testcase>
    <testcase name="checkout delivery estimate" classname="shipping.spec.ts" time="0.438">
      <failure message="NetworkError: 503 Service Unavailable fetching /api/shipping-estimate">NetworkError: 503 Service Unavailable fetching /api/shipping-estimate
    at ShippingSection.expectEstimate (/home/runner/work/flakehound-demo/flakehound-demo/tests/pages/shipping-section.ts:24:13)
    at /home/runner/work/flakehound-demo/flakehound-demo/tests/shipping.spec.ts:37:3</failure>
    </testcase>
    <testcase name="payment delivery estimate" classname="shipping.spec.ts" time="0.692">
      <failure message="NetworkError: 503 Service Unavailable fetching /api/shipping-estimate">NetworkError: 503 Service Unavailable fetching /api/shipping-estimate
    at ShippingSection.expectEstimate (/home/runner/work/flakehound-demo/flakehound-demo/tests/pages/shipping-section.ts:24:13)
    at /home/runner/work/flakehound-demo/flakehound-demo/tests/shipping.spec.ts:44:3</failure>
    </testcase>
    <testcase name="payment delivery estimate" classname="shipping.spec.ts" time="0.476">
      <failure message="NetworkError: 503 Service Unavailable fetching /api/shipping-estimate">NetworkError: 503 Service Unavailable fetching /api/shipping-estimate
    at ShippingSection.expectEstimate (/home/runner/work/flakehound-demo/flakehound-demo/tests/pages/shipping-section.ts:24:13)
    at /home/runner/work/flakehound-demo/flakehound-demo/tests/shipping.spec.ts:44:3</failure>
    </testcase>
    <testcase name="payment delivery estimate" classname="shipping.spec.ts" time="0.405">
      <failure message="NetworkError: 503 Service Unavailable fetching /api/shipping-estimate">NetworkError: 503 Service Unavailable fetching /api/shipping-estimate
    at ShippingSection.expectEstimate (/home/runner/work/flakehound-demo/flakehound-demo/tests/pages/shipping-section.ts:24:13)
    at /home/runner/work/flakehound-demo/flakehound-demo/tests/shipping.spec.ts:44:3</failure>
    </testcase>
  </testsuite>
  <testsuite name="shop.spec.ts" tests="6" failures="3" time="14.398">
    <testcase name="login" classname="shop.spec.ts" time="0.355"/>
    <testcase name="payment" classname="shop.spec.ts" time="0.345"/>
    <testcase name="receipt" classname="shop.spec.ts" time="0.344">
      <failure message="AssertionError: expected receipt total to equal amount charged">AssertionError: expected receipt total to equal amount charged
    at ReceiptPage.verifyTotal (/home/runner/work/flakehound-demo/flakehound-demo/tests/pages/receipt-page.ts:23:13)
    at /home/runner/work/flakehound-demo/flakehound-demo/tests/shop.spec.ts:58:3</failure>
    </testcase>
    <testcase name="receipt" classname="shop.spec.ts" time="0.453">
      <failure message="AssertionError: expected receipt total to equal amount charged">AssertionError: expected receipt total to equal amount charged
    at ReceiptPage.verifyTotal (/home/runner/work/flakehound-demo/flakehound-demo/tests/pages/receipt-page.ts:23:13)
    at /home/runner/work/flakehound-demo/flakehound-demo/tests/shop.spec.ts:58:3</failure>
    </testcase>
    <testcase name="receipt" classname="shop.spec.ts" time="0.442">
      <failure message="AssertionError: expected receipt total to equal amount charged">AssertionError: expected receipt total to equal amount charged
    at ReceiptPage.verifyTotal (/home/runner/work/flakehound-demo/flakehound-demo/tests/pages/receipt-page.ts:23:13)
    at /home/runner/work/flakehound-demo/flakehound-demo/tests/shop.spec.ts:58:3</failure>
    </testcase>
    <testcase name="checkout" classname="shop.spec.ts" time="12.459"/>
  </testsuite>
</testsuites>
