<?xml version="1.0" encoding="UTF-8"?>
<testsuites>
  <testsuite name="inventory.spec.ts" tests="2" failures="0" time="0.955">
    <testcase name="restock" classname="inventory.spec.ts" time="0.437"/>
    <testcase name="catalog" classname="inventory.spec.ts" time="0.518"/>
  </testsuite>
  <testsuite name="shipping.spec.ts" tests="9" failures="9" time="4.529">
    <testcase name="inventory delivery estimate" classname="shipping.spec.ts" time="0.235">
      <failure message="NetworkError: 503 Service Unavailable fetching /api/shipping-estimate">NetworkError: 503 Service Unavailable fetching /api/shipping-estimate
    at ShippingSection.expectEstimate (/home/runner/work/flakehound-demo/flakehound-demo/tests/pages/shipping-section.ts:24:13)
    at /home/runner/work/flakehound-demo/flakehound-demo/tests/shipping.spec.ts:29:3</failure>
    </testcase>
    <testcase name="checkout delivery estimate" classname="shipping.spec.ts" time="0.622">
      <failure message="NetworkError: 503 Service Unavailable fetching /api/shipping-estimate">NetworkError: 503 Service Unavailable fetching /api/shipping-estimate
    at ShippingSection.expectEstimate (/home/runner/work/flakehound-demo/flakehound-demo/tests/pages/shipping-section.ts:24:13)
    at /home/runner/work/flakehound-demo/flakehound-demo/tests/shipping.spec.ts:37:3</failure>
    </testcase>
    <testcase name="inventory delivery estimate" classname="shipping.spec.ts" time="0.526">
      <failure message="NetworkError: 503 Service Unavailable fetching /api/shipping-estimate">NetworkError: 503 Service Unavailable fetching /api/shipping-estimate
    at ShippingSection.expectEstimate (/home/runner/work/flakehound-demo/flakehound-demo/tests/pages/shipping-section.ts:24:13)
    at /home/runner/work/flakehound-demo/flakehound-demo/tests/shipping.spec.ts:29:3</failure>
    </testcase>
    <testcase name="checkout delivery estimate" classname="shipping.spec.ts" time="0.435">
      <failure message="NetworkError: 503 Service Unavailable fetching /api/shipping-estimate">NetworkError: 503 Service Unavailable fetching /api/shipping-estimate
    at ShippingSection.expectEstimate (/home/runner/work/flakehound-demo/flakehound-demo/tests/pages/shipping-section.ts:24:13)
    at /home/runner/work/flakehound-demo/flakehound-demo/tests/shipping.spec.ts:37:3</failure>
    </testcase>
    <testcase name="inventory delivery estimate" classname="shipping.spec.ts" time="0.313">
      <failure message="NetworkError: 503 Service Unavailable fetching /api/shipping-estimate">NetworkError: 503 Service Unavailable fetching /api/shipping-estimate
    at ShippingSection.expectEstimate (/home/runner/work/flakehound-demo/flakehound-demo/tests/pages/shipping-section.ts:24:13)
    at /home/runner/work/flakehound-demo/flakehound-demo/tests/shipping.spec.ts:29:3</failure>
    </testcase>
    <testcase name="checkout delivery estimate" classname="shipping.spec.ts" time="0.781">
      <failure message="NetworkError: 503 Service Unavailable fetching /api/shipping-estimate">NetworkError: 503 Service Unavailable fetching /api/shipping-estimate
    at ShippingSection.expectEstimate (/home/runner/work/flakehound-demo/flakehound-demo/tests/pages/shipping-section.ts:24:13)
    at /home/runner/work/flakehound-demo/flakehound-demo/tests/shipping.spec.ts:37:3</failure>
    </testcase>
    <testcase name="payment delivery estimate" classname="shipping.spec.ts" time="0.499">
      <failure message="NetworkError: 503 Service Unavailable fetching /api/shipping-estimate">NetworkError: 503 Service Unavailable fetching /api/shipping-estimate
    at ShippingSection.expectEstimate (/home/runner/work/flakehound-demo/flakehound-demo/tests/pages/shipping-section.ts:24:13)
    at /home/runner/work/flakehound-demo/flakehound-demo/tests/shipping.spec.ts:44:3</failure>
    </testcase>
    <testcase name="payment delivery estimate" classname="shipping.spec.ts" time="0.561">
      <failure message="NetworkError: 503 Service Unavailable fetching /api/shipping-estimate">NetworkError: 503 Service Unavailable fetching /api/shipping-estimate
    at ShippingSection.expectEstimate (/home/runner/work/flakehound-demo/flakehound-demo/tests/pages/shipping-section.ts:24:13)
    at /home/runner/work/flakehound-demo/flakehound-demo/tests/shipping.spec.ts:44:3</failure>
    </testcase>
    <testcase name="payment delivery estimate" classname="shipping.spec.ts" time="0.557">
      <failure message="NetworkError: 503 Service Unavailable fetching /api/shipping-estimate">NetworkError: 503 Service Unavailable fetching /api/shipping-estimate
    at ShippingSection.expectEstimate (/home/runner/work/flakehound-demo/flakehound-demo/tests/pages/shipping-section.ts:24:13)
    at /home/runner/work/flakehound-demo/flakehound-demo/tests/shipping.spec.ts:44:3</failure>
    </testcase>
  </testsuite>
  <testsuite name="shop.spec.ts" tests="8" failures="6" time="63.692">
    <testcase name="login" classname="shop.spec.ts" time="0.411"/>
    <testcase name="payment" classname="shop.spec.ts" time="0.341"/>
    <testcase name="receipt" classname="shop.spec.ts" time="0.610">
      <failure message="AssertionError: expected receipt total to equal amount charged">AssertionError: expected receipt total to equal amount charged
    at ReceiptPage.verifyTotal (/home/runner/work/flakehound-demo/flakehound-demo/tests/pages/receipt-page.ts:23:13)
    at /home/runner/work/flakehound-demo/flakehound-demo/tests/shop.spec.ts:58:3</failure>
    </testcase>
    <testcase name="receipt" classname="shop.spec.ts" time="0.616">
      <failure message="AssertionError: expected receipt total to equal amount charged">AssertionError: expected receipt total to equal amount charged
    at ReceiptPage.verifyTotal (/home/runner/work/flakehound-demo/flakehound-demo/tests/pages/receipt-page.ts:23:13)
    at /home/runner/work/flakehound-demo/flakehound-demo/tests/shop.spec.ts:58:3</failure>
    </testcase>
    <testcase name="receipt" classname="shop.spec.ts" time="0.602">
      <failure message="AssertionError: expected receipt total to equal amount charged">AssertionError: expected receipt total to equal amount charged
    at ReceiptPage.verifyTotal (/home/runner/work/flakehound-demo/flakehound-demo/tests/pages/receipt-page.ts:23:13)
    at /home/runner/work/flakehound-demo/flakehound-demo/tests/shop.spec.ts:58:3</failure>
    </testcase>
    <testcase name="checkout" classname="shop.spec.ts" time="20.333">
      <failure message="TimeoutError: Timeout 20000ms exceeded waiting for locator('#pay-button')">TimeoutError: Timeout 20000ms exceeded waiting for locator('#pay-button')
    at CheckoutPage.pay (/home/runner/work/flakehound-demo/flakehound-demo/tests/pages/checkout-page.ts:24:13)
    at /home/runner/work/flakehound-demo/flakehound-demo/tests/shop.spec.ts:39:3</failure>
    </testcase>
    <testcase name="checkout" classname="shop.spec.ts" time="20.333">
      <failure message="TimeoutError: Timeout 20000ms exceeded waiting for locator('#pay-button')">TimeoutError: Timeout 20000ms exceeded waiting for locator('#pay-button')
    at CheckoutPage.pay (/home/runner/work/flakehound-demo/flakehound-demo/tests/pages/checkout-page.ts:24:13)
    at /home/runner/work/flakehound-demo/flakehound-demo/tests/shop.spec.ts:39:3</failure>
    </testcase>
    <testcase name="checkout" classname="shop.spec.ts" time="20.446">
      <failure message="TimeoutError: Timeout 20000ms exceeded waiting for locator('#pay-button')">TimeoutError: Timeout 20000ms exceeded waiting for locator('#pay-button')
    at CheckoutPage.pay (/home/runner/work/flakehound-demo/flakehound-demo/tests/pages/checkout-page.ts:24:13)
    at /home/runner/work/flakehound-demo/flakehound-demo/tests/shop.spec.ts:39:3</failure>
    </testcase>
  </testsuite>
</testsuites>
