<?xml version="1.0" encoding="UTF-8"?>
<testsuites>
  <testsuite name="inventory.spec.ts" tests="2" failures="0" time="1.050">
    <testcase name="restock" classname="inventory.spec.ts" time="0.528"/>
    <testcase name="catalog" classname="inventory.spec.ts" time="0.522"/>
  </testsuite>
  <testsuite name="shipping.spec.ts" tests="9" failures="9" time="4.667">
    <testcase name="inventory delivery estimate" classname="shipping.spec.ts" time="0.239">
      <failure message="NetworkError: 503 Service Unavailable fetching /api/shipping-estimate">NetworkError: 503 Service Unavailable fetching /api/shipping-estimate
    at ShippingSection.expectEstimate (/home/runner/work/flakehound-demo/flakehound-demo/tests/pages/shipping-section.ts:24:13)
    at /home/runner/work/flakehound-demo/flakehound-demo/tests/shipping.spec.ts:29:3</failure>
    </testcase>
    <testcase name="checkout delivery estimate" classname="shipping.spec.ts" time="0.606">
      <failure message="NetworkError: 503 Service Unavailable fetching /api/shipping-estimate">NetworkError: 503 Service Unavailable fetching /api/shipping-estimate
    at ShippingSection.expectEstimate (/home/runner/work/flakehound-demo/flakehound-demo/tests/pages/shipping-section.ts:24:13)
    at /home/runner/work/flakehound-demo/flakehound-demo/tests/shipping.spec.ts:37:3</failure>
    </testcase>
    <testcase name="inventory delivery estimate" classname="shipping.spec.ts" time="0.506">
      <failure message="NetworkError: 503 Service Unavailable fetching /api/shipping-estimate">NetworkError: 503 Service Unavailable fetching /api/shipping-estimate
    at ShippingSection.expectEstimate (/home/runner/work/flakehound-demo/flakehound-demo/tests/pages/shipping-section.ts:24:13)
    at /home/runner/work/flakehound-demo/flakehound-demo/tests/shipping.spec.ts:29:3</failure>
    </testcase>
    <testcase name="checkout delivery estimate" classname="shipping.spec.ts" time="0.659">
      <failure message="NetworkError: 503 Service Unavailable fetching /api/shipping-estimate">NetworkError: 503 Service Unavailable fetching /api/shipping-estimate
    at ShippingSection.expectEstimate (/home/runner/work/flakehound-demo/flakehound-demo/tests/pages/shipping-section.ts:24:13)
    at /home/runner/work/flakehound-demo/flakehound-demo/tests/shipping.spec.ts:37:3</failure>
    </testcase>
    <testcase name="inventory delivery estimate" classname="shipping.spec.ts" time="0.512">
      <failure message="NetworkError: 503 Service Unavailable fetching /api/shipping-estimate">NetworkError: 503 Service Unavailable fetching /api/shipping-estimate
    at ShippingSection.expectEstimate (/home/runner/work/flakehound-demo/flakehound-demo/tests/pages/shipping-section.ts:24:13)
    at /home/runner/work/flakehound-demo/flakehound-demo/tests/shipping.spec.ts:29:3</failure>
    </testcase>
    <testcase name="checkout delivery estimate" classname="shipping.spec.ts" time="0.517">
      <failure message="NetworkError: 503 Service Unavailable fetching /api/shipping-estimate">NetworkError: 503 Service Unavailable fetching /api/shipping-estimate
    at ShippingSection.expectEstimate (/home/runner/work/flakehound-demo/flakehound-demo/tests/pages/shipping-section.ts:24:13)
    at /home/runner/work/flakehound-demo/flakehound-demo/tests/shipping.spec.ts:37:3</failure>
    </testcase>
    <testcase name="payment delivery estimate" classname="shipping.spec.ts" time="0.681">
      <failure message="NetworkError: 503 Service Unavailable fetching /api/shipping-estimate">NetworkError: 503 Service Unavailable fetching /api/shipping-estimate
    at ShippingSection.expectEstimate (/home/runner/work/flakehound-demo/flakehound-demo/tests/pages/shipping-section.ts:24:13)
    at /home/runner/work/flakehound-demo/flakehound-demo/tests/shipping.spec.ts:44:3</failure>
    </testcase>
    <testcase name="payment delivery estimate" classname="shipping.spec.ts" time="0.549">
      <failure message="NetworkError: 503 Service Unavailable fetching /api/shipping-estimate">NetworkError: 503 Service Unavailable fetching /api/shipping-estimate
    at ShippingSection.expectEstimate (/home/runner/work/flakehound-demo/flakehound-demo/tests/pages/shipping-section.ts:24:13)
    at /home/runner/work/flakehound-demo/flakehound-demo/tests/shipping.spec.ts:44:3</failure>
    </testcase>
    <testcase name="payment delivery estimate" classname="shipping.spec.ts" time="0.398">
      <failure message="NetworkError: 503 Service Unavailable fetching /api/shipping-estimate">NetworkError: 503 Service Unavailable fetching /api/shipping-estimate
    at ShippingSection.expectEstimate (/home/runner/work/flakehound-demo/flakehound-demo/tests/pages/shipping-section.ts:24:13)
    at /home/runner/work/flakehound-demo/flakehound-demo/tests/shipping.spec.ts:44:3</failure>
    </testcase>
  </testsuite>
  <testsuite name="shop.spec.ts" tests="6" failures="3" time="8.350">
    <testcase name="login" classname="shop.spec.ts" time="0.466"/>
    <testcase name="payment" classname="shop.spec.ts" time="0.374"/>
    <testcase name="receipt" classname="shop.spec.ts" time="0.303">
      <failure message="AssertionError: expected receipt total to equal amount charged">AssertionError: expected receipt total to equal amount charged
    at ReceiptPage.verifyTotal (/home/runner/work/flakehound-demo/flakehound-demo/tests/pages/receipt-page.ts:23:13)
    at /home/runner/work/flakehound-demo/flakehound-demo/tests/shop.spec.ts:58:3</failure>
    </testcase>
    <testcase name="receipt" classname="shop.spec.ts" time="0.581">
      <failure message="AssertionError: expected receipt total to equal amount charged">AssertionError: expected receipt total to equal amount charged
    at ReceiptPage.verifyTotal (/home/runner/work/flakehound-demo/flakehound-demo/tests/pages/receipt-page.ts:23:13)
    at /home/runner/work/flakehound-demo/flakehound-demo/tests/shop.spec.ts:58:3</failure>
    </testcase>
    <testcase name="receipt" classname="shop.spec.ts" time="0.402">
      <failure message="AssertionError: expected receipt total to equal amount charged">AssertionError: expected receipt total to equal amount charged
    at ReceiptPage.verifyTotal (/home/runner/work/flakehound-demo/flakehound-demo/tests/pages/receipt-page.ts:23:13)
    at /home/runner/work/flakehound-demo/flakehound-demo/tests/shop.spec.ts:58:3</failure>
    </testcase>
    <testcase name="checkout" classname="shop.spec.ts" time="6.224"/>
  </testsuite>
</testsuites>
